app/build/intermediates/manifest_merge_blame_file/debug/manifest-merger-blame-debug-report.txt
1<?xml version="1.0" encoding="utf-8"?>
2<manifest xmlns:android="http://schemas.android.com/apk/res/android"
3    package="com.example.automation_app"
4    android:versionCode="1"
5    android:versionName="1.0" >
6
7    <uses-sdk
8        android:minSdkVersion="23"
8-->src\main\AndroidManifest.xml
9        android:targetSdkVersion="29" />
9-->src\main\AndroidManifest.xml
10
11    <!-- Although the *SdkVersion is captured in gradle build files, this is required for non gradle builds -->
12    <!-- <uses-sdk android:minSdkVersion="14"/> -->
13    <uses-permission android:name="android.permission.ACCESS_NETWORK_STATE" />
13-->[com.google.firebase:firebase-database:19.4.0] AndroidManifest.xml:25:5-79
13-->[com.google.firebase:firebase-database:19.4.0] AndroidManifest.xml:25:22-76
14    <uses-permission android:name="android.permission.INTERNET" />
14-->[com.google.firebase:firebase-database:19.4.0] AndroidManifest.xml:26:5-67
14-->[com.google.firebase:firebase-database:19.4.0] AndroidManifest.xml:26:22-64
15    <uses-permission android:name="android.permission.WAKE_LOCK" />
15-->[com.google.android.gms:play-services-measurement:17.5.0] AndroidManifest.xml:25:5-68
15-->[com.google.android.gms:play-services-measurement:17.5.0] AndroidManifest.xml:25:22-65
16    <uses-permission android:name="com.google.android.finsky.permission.BIND_GET_INSTALL_REFERRER_SERVICE" />
16-->[com.google.android.gms:play-services-measurement:17.5.0] AndroidManifest.xml:26:5-110
16-->[com.google.android.gms:play-services-measurement:17.5.0] AndroidManifest.xml:26:22-107
17
18    <application
18-->src\main\AndroidManifest.xml:5:5-20:19
19        android:allowBackup="true"
19-->src\main\AndroidManifest.xml:6:9-35
20        android:appComponentFactory="androidx.core.app.CoreComponentFactory"
20-->[androidx.core:core:1.3.1] AndroidManifest.xml:24:18-86
21        android:debuggable="true"
22        android:extractNativeLibs="false"
23        android:icon="@mipmap/ic_launcher"
23-->src\main\AndroidManifest.xml:7:9-43
24        android:label="@string/app_name"
24-->src\main\AndroidManifest.xml:8:9-41
25        android:roundIcon="@mipmap/ic_launcher_round"
25-->src\main\AndroidManifest.xml:9:9-54
26        android:supportsRtl="true"
26-->src\main\AndroidManifest.xml:10:9-35
27        android:theme="@style/AppTheme" >
27-->src\main\AndroidManifest.xml:11:9-40
28        <activity android:name="com.example.automation_app.MainActivity" />
28-->src\main\AndroidManifest.xml:12:9-50
28-->src\main\AndroidManifest.xml:12:19-47
29        <activity android:name="com.example.automation_app.Sign_in_Activity" >
29-->src\main\AndroidManifest.xml:13:9-19:20
29-->src\main\AndroidManifest.xml:13:19-51
30            <intent-filter>
30-->src\main\AndroidManifest.xml:14:13-18:29
31                <action android:name="android.intent.action.MAIN" />
31-->src\main\AndroidManifest.xml:15:17-69
31-->src\main\AndroidManifest.xml:15:25-66
32
33                <category android:name="android.intent.category.LAUNCHER" />
33-->src\main\AndroidManifest.xml:17:17-77
33-->src\main\AndroidManifest.xml:17:27-74
34            </intent-filter>
35        </activity>
36
37        <service
37-->[com.google.firebase:firebase-database:19.4.0] AndroidManifest.xml:29:9-35:19
38            android:name="com.google.firebase.components.ComponentDiscoveryService"
38-->[com.google.firebase:firebase-database:19.4.0] AndroidManifest.xml:30:13-84
39            android:directBootAware="true"
39-->[com.google.firebase:firebase-common:19.3.1] AndroidManifest.xml:35:13-43
40            android:exported="false" >
40-->[com.google.firebase:firebase-database:19.4.0] AndroidManifest.xml:31:13-37
41            <meta-data
41-->[com.google.firebase:firebase-database:19.4.0] AndroidManifest.xml:32:13-34:85
42                android:name="com.google.firebase.components:com.google.firebase.database.DatabaseRegistrar"
42-->[com.google.firebase:firebase-database:19.4.0] AndroidManifest.xml:33:17-109
43                android:value="com.google.firebase.components.ComponentRegistrar" />
43-->[com.google.firebase:firebase-database:19.4.0] AndroidManifest.xml:34:17-82
44            <meta-data
44-->[com.google.firebase:firebase-auth:19.4.0] AndroidManifest.xml:36:13-38:85
45                android:name="com.google.firebase.components:com.google.firebase.auth.FirebaseAuthRegistrar"
45-->[com.google.firebase:firebase-auth:19.4.0] AndroidManifest.xml:37:17-109
46                android:value="com.google.firebase.components.ComponentRegistrar" />
46-->[com.google.firebase:firebase-auth:19.4.0] AndroidManifest.xml:38:17-82
47            <meta-data
47-->[com.google.android.gms:play-services-measurement-api:17.5.0] AndroidManifest.xml:30:13-32:85
48                android:name="com.google.firebase.components:com.google.firebase.analytics.connector.internal.AnalyticsConnectorRegistrar"
48-->[com.google.android.gms:play-services-measurement-api:17.5.0] AndroidManifest.xml:31:17-139
49                android:value="com.google.firebase.components.ComponentRegistrar" />
49-->[com.google.android.gms:play-services-measurement-api:17.5.0] AndroidManifest.xml:32:17-82
50            <meta-data
50-->[com.google.firebase:firebase-installations:16.3.2] AndroidManifest.xml:17:13-19:85
51                android:name="com.google.firebase.components:com.google.firebase.installations.FirebaseInstallationsRegistrar"
51-->[com.google.firebase:firebase-installations:16.3.2] AndroidManifest.xml:18:17-127
52                android:value="com.google.firebase.components.ComponentRegistrar" />
52-->[com.google.firebase:firebase-installations:16.3.2] AndroidManifest.xml:19:17-82
53        </service>
54
55        <activity
55-->[com.google.firebase:firebase-auth:19.4.0] AndroidManifest.xml:24:9-31:50
56            android:name="com.google.firebase.auth.internal.FederatedSignInActivity"
56-->[com.google.firebase:firebase-auth:19.4.0] AndroidManifest.xml:25:13-85
57            android:excludeFromRecents="true"
57-->[com.google.firebase:firebase-auth:19.4.0] AndroidManifest.xml:26:13-46
58            android:exported="true"
58-->[com.google.firebase:firebase-auth:19.4.0] AndroidManifest.xml:27:13-36
59            android:launchMode="singleTask"
59-->[com.google.firebase:firebase-auth:19.4.0] AndroidManifest.xml:28:13-44
60            android:permission="com.google.firebase.auth.api.gms.permission.LAUNCH_FEDERATED_SIGN_IN"
60-->[com.google.firebase:firebase-auth:19.4.0] AndroidManifest.xml:29:13-102
61            android:theme="@android:style/Theme.Translucent.NoTitleBar" />
61-->[com.google.firebase:firebase-auth:19.4.0] AndroidManifest.xml:30:13-72
62        <activity
62-->[com.google.android.gms:play-services-auth:18.1.0] AndroidManifest.xml:23:9-27:75
63            android:name="com.google.android.gms.auth.api.signin.internal.SignInHubActivity"
63-->[com.google.android.gms:play-services-auth:18.1.0] AndroidManifest.xml:24:13-93
64            android:excludeFromRecents="true"
64-->[com.google.android.gms:play-services-auth:18.1.0] AndroidManifest.xml:25:13-46
65            android:exported="false"
65-->[com.google.android.gms:play-services-auth:18.1.0] AndroidManifest.xml:26:13-37
66            android:theme="@android:style/Theme.Translucent.NoTitleBar" />
66-->[com.google.android.gms:play-services-auth:18.1.0] AndroidManifest.xml:27:13-72
67        <!--
68            Service handling Google Sign-In user revocation. For apps that do not integrate with
69            Google Sign-In, this service will never be started.
70        -->
71        <service
71-->[com.google.android.gms:play-services-auth:18.1.0] AndroidManifest.xml:33:9-37:51
72            android:name="com.google.android.gms.auth.api.signin.RevocationBoundService"
72-->[com.google.android.gms:play-services-auth:18.1.0] AndroidManifest.xml:34:13-89
73            android:exported="true"
73-->[com.google.android.gms:play-services-auth:18.1.0] AndroidManifest.xml:35:13-36
74            android:permission="com.google.android.gms.auth.api.signin.permission.REVOCATION_NOTIFICATION"
74-->[com.google.android.gms:play-services-auth:18.1.0] AndroidManifest.xml:36:13-107
75            android:visibleToInstantApps="true" />
75-->[com.google.android.gms:play-services-auth:18.1.0] AndroidManifest.xml:37:13-48
76
77        <activity
77-->[com.google.android.gms:play-services-base:17.1.0] AndroidManifest.xml:23:9-26:75
78            android:name="com.google.android.gms.common.api.GoogleApiActivity"
78-->[com.google.android.gms:play-services-base:17.1.0] AndroidManifest.xml:24:13-79
79            android:exported="false"
79-->[com.google.android.gms:play-services-base:17.1.0] AndroidManifest.xml:25:13-37
80            android:theme="@android:style/Theme.Translucent.NoTitleBar" />
80-->[com.google.android.gms:play-services-base:17.1.0] AndroidManifest.xml:26:13-72
81
82        <receiver
82-->[com.google.android.gms:play-services-measurement:17.5.0] AndroidManifest.xml:29:9-33:20
83            android:name="com.google.android.gms.measurement.AppMeasurementReceiver"
83-->[com.google.android.gms:play-services-measurement:17.5.0] AndroidManifest.xml:30:13-85
84            android:enabled="true"
84-->[com.google.android.gms:play-services-measurement:17.5.0] AndroidManifest.xml:31:13-35
85            android:exported="false" >
85-->[com.google.android.gms:play-services-measurement:17.5.0] AndroidManifest.xml:32:13-37
86        </receiver>
87
88        <service
88-->[com.google.android.gms:play-services-measurement:17.5.0] AndroidManifest.xml:35:9-38:40
89            android:name="com.google.android.gms.measurement.AppMeasurementService"
89-->[com.google.android.gms:play-services-measurement:17.5.0] AndroidManifest.xml:36:13-84
90            android:enabled="true"
90-->[com.google.android.gms:play-services-measurement:17.5.0] AndroidManifest.xml:37:13-35
91            android:exported="false" />
91-->[com.google.android.gms:play-services-measurement:17.5.0] AndroidManifest.xml:38:13-37
92        <service
92-->[com.google.android.gms:play-services-measurement:17.5.0] AndroidManifest.xml:39:9-43:72
93            android:name="com.google.android.gms.measurement.AppMeasurementJobService"
93-->[com.google.android.gms:play-services-measurement:17.5.0] AndroidManifest.xml:40:13-87
94            android:enabled="true"
94-->[com.google.android.gms:play-services-measurement:17.5.0] AndroidManifest.xml:41:13-35
95            android:exported="false"
95-->[com.google.android.gms:play-services-measurement:17.5.0] AndroidManifest.xml:42:13-37
96            android:permission="android.permission.BIND_JOB_SERVICE" />
96-->[com.google.android.gms:play-services-measurement:17.5.0] AndroidManifest.xml:43:13-69
97
98        <provider
98-->[com.google.firebase:firebase-common:19.3.1] AndroidManifest.xml:26:9-31:39
99            android:name="com.google.firebase.provider.FirebaseInitProvider"
99-->[com.google.firebase:firebase-common:19.3.1] AndroidManifest.xml:27:13-77
100            android:authorities="com.example.automation_app.firebaseinitprovider"
100-->[com.google.firebase:firebase-common:19.3.1] AndroidManifest.xml:28:13-72
101            android:directBootAware="true"
101-->[com.google.firebase:firebase-common:19.3.1] AndroidManifest.xml:29:13-43
102            android:exported="false"
102-->[com.google.firebase:firebase-common:19.3.1] AndroidManifest.xml:30:13-37
103            android:initOrder="100" />
103-->[com.google.firebase:firebase-common:19.3.1] AndroidManifest.xml:31:13-36
104
105        <meta-data
105-->[com.google.android.gms:play-services-basement:17.1.1] AndroidManifest.xml:23:9-25:69
106            android:name="com.google.android.gms.version"
106-->[com.google.android.gms:play-services-basement:17.1.1] AndroidManifest.xml:24:13-58
107            android:value="@integer/google_play_services_version" />
107-->[com.google.android.gms:play-services-basement:17.1.1] AndroidManifest.xml:25:13-66
108    </application>
109
110</manifest>